<?xml version="1.0" encoding="UTF-8" ?>
<testsuite tests="3" failures="0" name="department.testcase.TestDepartment" time="2.901" errors="0" skipped="0">
  <properties>
    <property name="java.runtime.name" value="Java(TM) SE Runtime Environment"/>
    <property name="sun.boot.library.path" value="G:\002Package\Java\jdk1.8.0_231\jre\bin"/>
    <property name="java.vm.version" value="25.231-b11"/>
    <property name="java.vm.vendor" value="Oracle Corporation"/>
    <property name="maven.multiModuleProjectDirectory" value="G:\010HuoGeWozi\IdeaProjects\ServiceDemo"/>
    <property name="java.vendor.url" value="http://java.oracle.com/"/>
    <property name="path.separator" value=";"/>
    <property name="guice.disable.misplaced.annotation.check" value="true"/>
    <property name="java.vm.name" value="Java HotSpot(TM) 64-Bit Server VM"/>
    <property name="file.encoding.pkg" value="sun.io"/>
    <property name="user.script" value=""/>
    <property name="user.country" value="CN"/>
    <property name="sun.java.launcher" value="SUN_STANDARD"/>
    <property name="sun.os.patch.level" value=""/>
    <property name="java.vm.specification.name" value="Java Virtual Machine Specification"/>
    <property name="user.dir" value="G:\010HuoGeWozi\IdeaProjects\ServiceDemo"/>
    <property name="java.runtime.version" value="1.8.0_231-b11"/>
    <property name="java.awt.graphicsenv" value="sun.awt.Win32GraphicsEnvironment"/>
    <property name="java.endorsed.dirs" value="G:\002Package\Java\jdk1.8.0_231\jre\lib\endorsed"/>
    <property name="os.arch" value="amd64"/>
    <property name="java.io.tmpdir" value="C:\Users\maiki\AppData\Local\Temp\"/>
    <property name="line.separator" value="
"/>
    <property name="java.vm.specification.vendor" value="Oracle Corporation"/>
    <property name="user.variant" value=""/>
    <property name="os.name" value="Windows 10"/>
    <property name="classworlds.conf" value="G:\001Software\apache-maven-3.6.3-bin\apache-maven-3.6.3\bin\..\bin\m2.conf"/>
    <property name="sun.jnu.encoding" value="GBK"/>
    <property name="java.library.path" value="G:\002Package\Java\jdk1.8.0_231\bin;C:\Windows\Sun\Java\bin;C:\Windows\system32;C:\Windows;C:\Program Files (x86)\Common Files\Oracle\Java\javapath;G:\001Software\mysql-5.7.26-winx64\mysql-5.7.26-winx64\bin;C:\Windows\system32;C:\Windows;C:\Windows\System32\Wbem;C:\Windows\System32\WindowsPowerShell\v1.0\;C:\Windows\System32\OpenSSH\;C:\Program Files\Common Files\Autodesk Shared\;C:\Program Files (x86)\Autodesk\Backburner\;G:\002Package\Java\jdk1.8.0_231\bin;G:\002Package\Java\jdk1.8.0_231\jre\bin;G:\005Driver\geckodriver-v0.26.0-win64;G:\001Software\selenium-java-3.141.59;G:\001Software\apache-maven-3.6.3-bin\apache-maven-3.6.3\bin;G:\002Package\AndroidSdk\platform-tools;G:\002Package\AndroidSdk\tools;G:\002Package\AndroidSdk\build-tools\29.0.2;G:\001Software\node-v13.5.0-win-x64\node-v13.5.0-win-x64;G:\002Package\Python38-32\Scripts\;G:\002Package\Python38-32\;G:\002Package\Python\Python37\Scripts\;G:\002Package\Python\Python37\;C:\Users\maiki\AppData\Local\Microsoft\WindowsApps;;G:\002Package\Fiddler;."/>
    <property name="maven.conf" value="G:\001Software\apache-maven-3.6.3-bin\apache-maven-3.6.3\bin\../conf"/>
    <property name="java.specification.name" value="Java Platform API Specification"/>
    <property name="java.class.version" value="52.0"/>
    <property name="sun.management.compiler" value="HotSpot 64-Bit Tiered Compilers"/>
    <property name="os.version" value="10.0"/>
    <property name="library.jansi.path" value="G:\001Software\apache-maven-3.6.3-bin\apache-maven-3.6.3\bin\..\lib\jansi-native"/>
    <property name="user.home" value="C:\Users\maiki"/>
    <property name="user.timezone" value="Asia/Shanghai"/>
    <property name="java.awt.printerjob" value="sun.awt.windows.WPrinterJob"/>
    <property name="java.specification.version" value="1.8"/>
    <property name="file.encoding" value="GBK"/>
    <property name="user.name" value="maiki"/>
    <property name="java.class.path" value="G:\001Software\apache-maven-3.6.3-bin\apache-maven-3.6.3\bin\..\boot\plexus-classworlds-2.6.0.jar"/>
    <property name="java.vm.specification.version" value="1.8"/>
    <property name="sun.arch.data.model" value="64"/>
    <property name="java.home" value="G:\002Package\Java\jdk1.8.0_231\jre"/>
    <property name="sun.java.command" value="org.codehaus.plexus.classworlds.launcher.Launcher test"/>
    <property name="java.specification.vendor" value="Oracle Corporation"/>
    <property name="user.language" value="zh"/>
    <property name="awt.toolkit" value="sun.awt.windows.WToolkit"/>
    <property name="java.vm.info" value="mixed mode"/>
    <property name="java.version" value="1.8.0_231"/>
    <property name="java.ext.dirs" value="G:\002Package\Java\jdk1.8.0_231\jre\lib\ext;C:\Windows\Sun\Java\lib\ext"/>
    <property name="sun.boot.class.path" value="G:\002Package\Java\jdk1.8.0_231\jre\lib\resources.jar;G:\002Package\Java\jdk1.8.0_231\jre\lib\rt.jar;G:\002Package\Java\jdk1.8.0_231\jre\lib\sunrsasign.jar;G:\002Package\Java\jdk1.8.0_231\jre\lib\jsse.jar;G:\002Package\Java\jdk1.8.0_231\jre\lib\jce.jar;G:\002Package\Java\jdk1.8.0_231\jre\lib\charsets.jar;G:\002Package\Java\jdk1.8.0_231\jre\lib\jfr.jar;G:\002Package\Java\jdk1.8.0_231\jre\classes"/>
    <property name="sun.stderr.encoding" value="ms936"/>
    <property name="java.vendor" value="Oracle Corporation"/>
    <property name="maven.home" value="G:\001Software\apache-maven-3.6.3-bin\apache-maven-3.6.3\bin\.."/>
    <property name="file.separator" value="\"/>
    <property name="java.vendor.url.bug" value="http://bugreport.sun.com/bugreport/"/>
    <property name="sun.cpu.endian" value="little"/>
    <property name="sun.io.unicode.encoding" value="UnicodeLittle"/>
    <property name="sun.stdout.encoding" value="ms936"/>
    <property name="sun.desktop" value="windows"/>
    <property name="sun.cpu.isalist" value="amd64"/>
  </properties>
  <testcase classname="department.testcase.TestDepartment" name="create" time="2.133"/>
  <testcase classname="department.testcase.TestDepartment" name="delete" time="0.53"/>
  <testcase classname="department.testcase.TestDepartment" name="list" time="0.238"/>
</testsuite>